==3778888== NVPROF is profiling process 3778888, command: ./colortree 5000000
==3778888== Profiling application: ./colortree 5000000
==3778888== Profiling result:
            Type  Time(%)      Time     Calls       Avg       Min       Max  Name
 GPU activities:   88.03%  24.120ms         8  3.0149ms     768ns  3.8898ms  [CUDA memcpy HtoD]
                    3.27%  896.92us         3  298.97us  297.79us  300.54us  sixColoringTrees(int, int*, int*, int*, int*)
                    2.96%  810.24us         1  810.24us  810.24us  810.24us  isValidColor(int, int*, int*, int*, int*, int*, bool*)
                    1.36%  372.19us         1  372.19us  372.19us  372.19us  partialColoringBadVertices(int, int*, int*, int*, int*, int*, int*, bool*)
                    1.29%  353.50us         7  50.500us  50.176us  51.072us  updateColors(int, int*, int*)
                    1.19%  326.21us         1  326.21us  326.21us  326.21us  threeColoring(int, int*, int*, int*, int*, int*, int*, bool*)
                    1.02%  278.69us         1  278.69us  278.69us  278.69us  getParentColor(int, int*, int*, int*)
                    0.88%  241.12us         1  241.12us  241.12us  241.12us  badVertices(int, int*, int*, int*, int*, int*, int*, bool*)
                    0.01%  1.9840us         1  1.9840us  1.9840us  1.9840us  [CUDA memcpy DtoH]
      API calls:   77.74%  113.84ms         8  14.230ms  88.350us  113.11ms  cudaMalloc
                   19.71%  28.865ms         9  3.2072ms  72.180us  4.1008ms  cudaMemcpy
                    1.74%  2.5468ms         1  2.5468ms  2.5468ms  2.5468ms  cuLibraryLoadData
                    0.59%  861.86us         8  107.73us  93.837us  173.10us  cudaFree
                    0.12%  173.16us       114  1.5180us     136ns  70.707us  cuDeviceGetAttribute
                    0.07%  95.810us        15  6.3870us  3.7630us  28.268us  cudaLaunchKernel
                    0.01%  21.919us         2  10.959us     747ns  21.172us  cudaEventCreate
                    0.01%  9.8280us         1  9.8280us  9.8280us  9.8280us  cuDeviceGetName
                    0.01%  7.9820us         2  3.9910us  2.6730us  5.3090us  cudaEventRecord
                    0.01%  7.6840us         1  7.6840us  7.6840us  7.6840us  cuDeviceGetPCIBusId
                    0.00%  5.6460us         1  5.6460us  5.6460us  5.6460us  cudaEventSynchronize
                    0.00%  2.7430us         1  2.7430us  2.7430us  2.7430us  cudaEventElapsedTime
                    0.00%  1.6380us         2     819ns     409ns  1.2290us  cudaEventDestroy
                    0.00%  1.5340us         3     511ns     215ns  1.0710us  cuDeviceGetCount
                    0.00%     663ns         2     331ns     159ns     504ns  cuDeviceGet
                    0.00%     326ns         1     326ns     326ns     326ns  cuDeviceTotalMem
                    0.00%     293ns         1     293ns     293ns     293ns  cuModuleGetLoadingMode
                    0.00%     225ns         1     225ns     225ns     225ns  cuDeviceGetUuid
