==1121194== NVPROF is profiling process 1121194, command: ./colortree 10000
==1121194== Profiling application: ./colortree 10000
==1121194== Profiling result:
            Type  Time(%)      Time     Calls       Avg       Min       Max  Name
 GPU activities:   47.79%  36.991us         8  4.6230us     736ns  5.7280us  [CUDA memcpy HtoD]
                   14.80%  11.454us         7  1.6360us  1.5040us  2.2720us  updateColors(int, int*, int*)
                    8.60%  6.6560us         3  2.2180us  2.0160us  2.6240us  sixColoringTrees(int, int*, int*, int*, int*)
                    8.02%  6.2090us         1  6.2090us  6.2090us  6.2090us  isValidColor(int, int*, int*, int*, int*, int*, bool*)
                    5.37%  4.1600us         1  4.1600us  4.1600us  4.1600us  badVertices(int, int*, int*, int*, int*, int*, int*, bool*)
                    5.17%  4.0000us         1  4.0000us  4.0000us  4.0000us  partialColoringBadVertices(int, int*, int*, int*, int*, int*, int*, bool*)
                    4.88%  3.7770us         1  3.7770us  3.7770us  3.7770us  threeColoring(int, int*, int*, int*, int*, int*, int*, bool*)
                    2.81%  2.1760us         1  2.1760us  2.1760us  2.1760us  getParentColor(int, int*, int*, int*)
                    2.56%  1.9840us         1  1.9840us  1.9840us  1.9840us  [CUDA memcpy DtoH]
      API calls:   96.83%  104.61ms         8  13.076ms  2.6710us  104.59ms  cudaMalloc
                    2.57%  2.7747ms         1  2.7747ms  2.7747ms  2.7747ms  cuLibraryLoadData
                    0.18%  194.88us         9  21.653us  7.3810us  30.800us  cudaMemcpy
                    0.16%  167.94us       114  1.4730us     131ns  67.577us  cuDeviceGetAttribute
                    0.13%  145.06us         8  18.132us  2.4550us  120.58us  cudaFree
                    0.09%  94.537us        15  6.3020us  3.1390us  23.675us  cudaLaunchKernel
                    0.01%  10.682us         2  5.3410us  2.2690us  8.4130us  cudaEventRecord
                    0.01%  8.6210us         1  8.6210us  8.6210us  8.6210us  cuDeviceGetName
                    0.01%  7.4110us         1  7.4110us  7.4110us  7.4110us  cuDeviceGetPCIBusId
                    0.01%  7.2120us         2  3.6060us     704ns  6.5080us  cudaEventCreate
                    0.01%  6.7660us         1  6.7660us  6.7660us  6.7660us  cudaEventSynchronize
                    0.00%  2.5090us         1  2.5090us  2.5090us  2.5090us  cudaEventElapsedTime
                    0.00%  1.5300us         2     765ns     421ns  1.1090us  cudaEventDestroy
                    0.00%  1.5130us         3     504ns     210ns  1.0740us  cuDeviceGetCount
                    0.00%     639ns         2     319ns     191ns     448ns  cuDeviceGet
                    0.00%     352ns         1     352ns     352ns     352ns  cuDeviceTotalMem
                    0.00%     329ns         1     329ns     329ns     329ns  cuModuleGetLoadingMode
                    0.00%     211ns         1     211ns     211ns     211ns  cuDeviceGetUuid
