==1120605== NVPROF is profiling process 1120605, command: ./colortree 1000
==1120605== Profiling application: ./colortree 1000
==1120605== Profiling result:
            Type  Time(%)      Time     Calls       Avg       Min       Max  Name
 GPU activities:   25.09%  10.943us         7  1.5630us  1.4710us  2.0480us  updateColors(int, int*, int*)
                   20.76%  9.0550us         8  1.1310us     736ns  1.3440us  [CUDA memcpy HtoD]
                   13.79%  6.0160us         3  2.0050us  1.7280us  2.5280us  sixColoringTrees(int, int*, int*, int*, int*)
                    9.54%  4.1590us         1  4.1590us  4.1590us  4.1590us  isValidColor(int, int*, int*, int*, int*, int*, bool*)
                    7.63%  3.3280us         1  3.3280us  3.3280us  3.3280us  partialColoringBadVertices(int, int*, int*, int*, int*, int*, int*, bool*)
                    7.34%  3.2000us         1  3.2000us  3.2000us  3.2000us  badVertices(int, int*, int*, int*, int*, int*, int*, bool*)
                    7.04%  3.0710us         1  3.0710us  3.0710us  3.0710us  threeColoring(int, int*, int*, int*, int*, int*, int*, bool*)
                    4.47%  1.9510us         1  1.9510us  1.9510us  1.9510us  [CUDA memcpy DtoH]
                    4.33%  1.8880us         1  1.8880us  1.8880us  1.8880us  getParentColor(int, int*, int*, int*)
      API calls:   97.12%  103.35ms         8  12.918ms  2.4890us  103.33ms  cudaMalloc
                    2.39%  2.5452ms         1  2.5452ms  2.5452ms  2.5452ms  cuLibraryLoadData
                    0.16%  169.38us       114  1.4850us     133ns  69.053us  cuDeviceGetAttribute
                    0.13%  134.19us         8  16.773us  2.4300us  111.32us  cudaFree
                    0.09%  98.831us         9  10.981us  7.1280us  23.776us  cudaMemcpy
                    0.07%  72.050us        15  4.8030us  3.0830us  19.978us  cudaLaunchKernel
                    0.01%  8.8690us         1  8.8690us  8.8690us  8.8690us  cuDeviceGetName
                    0.01%  8.3700us         1  8.3700us  8.3700us  8.3700us  cuDeviceGetPCIBusId
                    0.01%  7.7240us         2  3.8620us     681ns  7.0430us  cudaEventCreate
                    0.01%  5.8810us         2  2.9400us  2.2160us  3.6650us  cudaEventRecord
                    0.00%  4.9850us         1  4.9850us  4.9850us  4.9850us  cudaEventSynchronize
                    0.00%  2.4860us         1  2.4860us  2.4860us  2.4860us  cudaEventElapsedTime
                    0.00%  1.4510us         3     483ns     183ns  1.0310us  cuDeviceGetCount
                    0.00%  1.2900us         2     645ns     473ns     817ns  cudaEventDestroy
                    0.00%     692ns         2     346ns     176ns     516ns  cuDeviceGet
                    0.00%     328ns         1     328ns     328ns     328ns  cuDeviceTotalMem
                    0.00%     323ns         1     323ns     323ns     323ns  cuModuleGetLoadingMode
                    0.00%     222ns         1     222ns     222ns     222ns  cuDeviceGetUuid
